android/app/build/outputs/logs/manifest-merger-debug-report.txt
-- Merging decision tree log ---
provider#androidx.core.content.FileProvider
INJECTED from src\main\AndroidManifest.xml:43:9-52:20
	android:authorities
		INJECTED from src\main\AndroidManifest.xml
manifest
ADDED from src\main\AndroidManifest.xml:1:1-57:12
INJECTED from src\main\AndroidManifest.xml:1:1-57:12
INJECTED from src\main\AndroidManifest.xml:1:1-57:12
INJECTED from src\main\AndroidManifest.xml:1:1-57:12
MERGED from src\main\AndroidManifest.xml:1:1-57:12
MERGED from [:sms_autofill] AndroidManifest.xml:2:1-7:12
MERGED from [:firebase_messaging] AndroidManifest.xml:2:1-46:12
MERGED from [:cloud_firestore] AndroidManifest.xml:2:1-15:12
MERGED from [:cloud_functions] AndroidManifest.xml:2:1-18:12
MERGED from [:firebase_analytics] AndroidManifest.xml:2:1-19:12
MERGED from [:firebase_auth] AndroidManifest.xml:2:1-15:12
MERGED from [:firebase_storage] AndroidManifest.xml:2:1-15:12
MERGED from [:firebase_core] AndroidManifest.xml:2:1-15:12
MERGED from [:geolocator_android] AndroidManifest.xml:2:1-7:12
MERGED from [:flutter_local_notifications] AndroidManifest.xml:2:1-28:12
MERGED from [:file_picker] AndroidManifest.xml:2:1-17:12
MERGED from [:path_provider_android] AndroidManifest.xml:2:1-7:12
MERGED from [:android_intent_plus] AndroidManifest.xml:2:1-7:12
MERGED from [:fluttertoast] AndroidManifest.xml:2:1-7:12
MERGED from [:ar_flutter_plugin] AndroidManifest.xml:2:1-26:12
MERGED from [:permission_handler] AndroidManifest.xml:2:1-7:12
MERGED from [:image_picker_android] AndroidManifest.xml:2:1-19:12
MERGED from [:flutter_plugin_android_lifecycle] AndroidManifest.xml:2:1-7:12
MERGED from [:sqflite] AndroidManifest.xml:2:1-7:12
MERGED from [:url_launcher_android] AndroidManifest.xml:2:1-14:12
MERGED from [:flutter_native_image] AndroidManifest.xml:2:1-7:12
MERGED from [:flutter_native_splash] AndroidManifest.xml:2:1-7:12
MERGED from [:webview_flutter_android] AndroidManifest.xml:2:1-7:12
MERGED from [:open_file] AndroidManifest.xml:2:1-24:12
MERGED from [:package_info_plus] AndroidManifest.xml:2:1-7:12
MERGED from [androidx.window:window-java:1.0.0-beta04] AndroidManifest.xml:17:1-23:12
MERGED from [androidx.window:window:1.0.0-beta04] AndroidManifest.xml:17:1-33:12
MERGED from [com.google.firebase:firebase-auth:21.0.3] AndroidManifest.xml:17:1-73:12
MERGED from [androidx.multidex:multidex:2.0.0] AndroidManifest.xml:17:1-22:12
MERGED from [com.google.firebase:firebase-messaging:23.0.3] AndroidManifest.xml:17:1-61:12
MERGED from [com.google.firebase:firebase-datatransport:18.1.2] AndroidManifest.xml:15:1-34:12
MERGED from [com.google.android.datatransport:transport-backend-cct:3.1.3] AndroidManifest.xml:15:1-38:12
MERGED from [com.google.android.datatransport:transport-runtime:3.1.3] AndroidManifest.xml:15:1-41:12
MERGED from [com.google.firebase:firebase-encoders-json:18.0.0] AndroidManifest.xml:15:1-23:12
MERGED from [com.google.firebase:firebase-functions:20.0.2] AndroidManifest.xml:2:1-24:12
MERGED from [com.google.firebase:firebase-analytics:20.1.2] AndroidManifest.xml:2:1-9:12
MERGED from [com.google.firebase:firebase-iid:21.1.0] AndroidManifest.xml:17:1-38:12
MERGED from [com.google.firebase:firebase-firestore:24.1.1] AndroidManifest.xml:2:1-26:12
MERGED from [com.google.firebase:firebase-storage:20.0.1] AndroidManifest.xml:15:1-39:12
MERGED from [com.google.firebase:firebase-auth-interop:20.0.0] AndroidManifest.xml:2:1-10:12
MERGED from [com.google.android.gms:play-services-measurement-api:20.1.2] AndroidManifest.xml:17:1-37:12
MERGED from [com.google.firebase:firebase-installations:17.0.1] AndroidManifest.xml:2:1-24:12
MERGED from [com.google.firebase:firebase-appcheck-interop:16.0.0-beta06] AndroidManifest.xml:15:1-26:12
MERGED from [com.google.firebase:firebase-common:20.1.0] AndroidManifest.xml:15:1-40:12
MERGED from [com.google.android.gms:play-services-auth:19.2.0] AndroidManifest.xml:17:1-40:12
MERGED from [androidx.legacy:legacy-support-v4:1.0.0] AndroidManifest.xml:17:1-22:12
MERGED from [androidx.media:media:1.1.0] AndroidManifest.xml:17:1-24:12
MERGED from [androidx.webkit:webkit:1.0.0] AndroidManifest.xml:17:1-22:12
MERGED from [androidx.appcompat:appcompat:1.3.0] AndroidManifest.xml:17:1-24:12
MERGED from [com.google.android.gms:play-services-location:17.0.0] AndroidManifest.xml:2:1-9:12
MERGED from [com.google.android.gms:play-services-auth-api-phone:17.4.0] AndroidManifest.xml:2:1-7:12
MERGED from [com.google.android.gms:play-services-safetynet:17.0.0] AndroidManifest.xml:17:1-24:12
MERGED from [com.google.android.gms:play-services-auth-base:17.0.0] AndroidManifest.xml:2:1-7:12
MERGED from [com.google.firebase:firebase-database-collection:18.0.1] AndroidManifest.xml:2:1-9:12
MERGED from [com.google.android.gms:play-services-base:18.0.1] AndroidManifest.xml:16:1-24:12
MERGED from [com.google.android.gms:play-services-cloud-messaging:17.0.1] AndroidManifest.xml:2:1-13:12
MERGED from [com.google.android.gms:play-services-measurement:20.1.2] AndroidManifest.xml:17:1-46:12
MERGED from [com.google.android.gms:play-services-measurement-sdk:20.1.2] AndroidManifest.xml:17:1-25:12
MERGED from [com.google.android.gms:play-services-measurement-impl:20.1.2] AndroidManifest.xml:17:1-32:12
MERGED from [com.google.android.gms:play-services-stats:17.0.2] AndroidManifest.xml:2:1-9:12
MERGED from [com.google.firebase:firebase-iid-interop:17.1.0] AndroidManifest.xml:2:1-10:12
MERGED from [com.google.firebase:firebase-installations-interop:17.0.1] AndroidManifest.xml:15:1-23:12
MERGED from [com.google.android.gms:play-services-tasks:18.0.1] AndroidManifest.xml:2:1-6:12
MERGED from [com.google.firebase:firebase-measurement-connector:19.0.0] AndroidManifest.xml:17:1-25:12
MERGED from [com.google.android.gms:play-services-places-placereport:17.0.0] AndroidManifest.xml:17:1-24:12
MERGED from [com.google.android.gms:play-services-ads-identifier:18.0.0] AndroidManifest.xml:17:1-27:12
MERGED from [com.google.android.gms:play-services-measurement-sdk-api:20.1.2] AndroidManifest.xml:17:1-28:12
MERGED from [com.google.android.gms:play-services-measurement-base:20.1.2] AndroidManifest.xml:2:1-9:12
MERGED from [com.google.android.gms:play-services-basement:18.0.0] AndroidManifest.xml:16:1-26:12
MERGED from [androidx.browser:browser:1.0.0] AndroidManifest.xml:17:1-22:12
MERGED from [androidx.legacy:legacy-support-core-ui:1.0.0] AndroidManifest.xml:17:1-22:12
MERGED from [androidx.legacy:legacy-support-core-utils:1.0.0] AndroidManifest.xml:17:1-22:12
MERGED from [com.google.ar.sceneform.ux:sceneform-ux:1.17.1] AndroidManifest.xml:17:1-22:12
MERGED from [androidx.fragment:fragment:1.3.4] AndroidManifest.xml:17:1-24:12
MERGED from [androidx.loader:loader:1.0.0] AndroidManifest.xml:17:1-22:12
MERGED from [androidx.activity:activity:1.2.3] AndroidManifest.xml:17:1-24:12
MERGED from [androidx.appcompat:appcompat-resources:1.3.0] AndroidManifest.xml:17:1-24:12
MERGED from [androidx.drawerlayout:drawerlayout:1.0.0] AndroidManifest.xml:17:1-22:12
MERGED from [androidx.viewpager:viewpager:1.0.0] AndroidManifest.xml:17:1-22:12
MERGED from [androidx.coordinatorlayout:coordinatorlayout:1.0.0] AndroidManifest.xml:17:1-22:12
MERGED from [androidx.slidingpanelayout:slidingpanelayout:1.0.0] AndroidManifest.xml:17:1-22:12
MERGED from [androidx.customview:customview:1.0.0] AndroidManifest.xml:17:1-22:12
MERGED from [androidx.swiperefreshlayout:swiperefreshlayout:1.0.0] AndroidManifest.xml:17:1-22:12
MERGED from [androidx.asynclayoutinflater:asynclayoutinflater:1.0.0] AndroidManifest.xml:17:1-22:12
MERGED from [androidx.vectordrawable:vectordrawable-animated:1.1.0] AndroidManifest.xml:17:1-24:12
MERGED from [androidx.vectordrawable:vectordrawable:1.1.0] AndroidManifest.xml:17:1-24:12
MERGED from [androidx.core:core:1.6.0] AndroidManifest.xml:17:1-26:12
MERGED from [androidx.exifinterface:exifinterface:1.3.0] AndroidManifest.xml:17:1-24:12
MERGED from [androidx.localbroadcastmanager:localbroadcastmanager:1.0.0] AndroidManifest.xml:17:1-22:12
MERGED from [com.google.android.datatransport:transport-api:3.0.0] AndroidManifest.xml:15:1-22:12
MERGED from [com.google.firebase:firebase-components:17.0.0] AndroidManifest.xml:15:1-23:12
MERGED from [androidx.tracing:tracing:1.0.0] AndroidManifest.xml:17:1-24:12
MERGED from [androidx.versionedparcelable:versionedparcelable:1.1.1] AndroidManifest.xml:17:1-27:12
MERGED from [androidx.lifecycle:lifecycle-runtime:2.3.1] AndroidManifest.xml:17:1-24:12
MERGED from [androidx.cursoradapter:cursoradapter:1.0.0] AndroidManifest.xml:17:1-22:12
MERGED from [androidx.lifecycle:lifecycle-viewmodel-savedstate:2.3.1] AndroidManifest.xml:17:1-24:12
MERGED from [androidx.savedstate:savedstate:1.1.0] AndroidManifest.xml:17:1-24:12
MERGED from [androidx.lifecycle:lifecycle-viewmodel:2.3.1] AndroidManifest.xml:17:1-24:12
MERGED from [androidx.interpolator:interpolator:1.0.0] AndroidManifest.xml:17:1-22:12
MERGED from [androidx.documentfile:documentfile:1.0.0] AndroidManifest.xml:17:1-22:12
MERGED from [androidx.print:print:1.0.0] AndroidManifest.xml:17:1-22:12
MERGED from [androidx.lifecycle:lifecycle-livedata:2.0.0] AndroidManifest.xml:17:1-22:12
MERGED from [androidx.lifecycle:lifecycle-livedata-core:2.3.1] AndroidManifest.xml:17:1-24:12
MERGED from [androidx.arch.core:core-runtime:2.1.0] AndroidManifest.xml:17:1-24:12
MERGED from [io.grpc:grpc-android:1.44.1] AndroidManifest.xml:2:1-11:12
MERGED from [com.jakewharton.threetenabp:threetenabp:1.2.3] AndroidManifest.xml:2:1-9:12
MERGED from [com.google.ar.sceneform:core:1.17.1] AndroidManifest.xml:2:1-7:12
MERGED from [com.google.ar.sceneform:rendering:1.17.1] AndroidManifest.xml:2:1-7:12
MERGED from [com.google.ar:core:1.22.0] AndroidManifest.xml:17:1-49:12
MERGED from [com.google.ar.sceneform:assets:1.15.0] AndroidManifest.xml:2:1-7:12
MERGED from [androidx.annotation:annotation-experimental:1.1.0] AndroidManifest.xml:17:1-24:12
MERGED from [com.google.ar.sceneform:sceneform-base:1.17.1] AndroidManifest.xml:2:1-7:12
MERGED from [com.google.ar.sceneform:filament-android:1.17.1] AndroidManifest.xml:2:1-11:12
MERGED from [com.google.firebase:protolite-well-known-types:18.0.0] AndroidManifest.xml:2:1-11:12
INJECTED from src\debug\AndroidManifest.xml:1:1-7:12
INJECTED from src\debug\AndroidManifest.xml:1:1-7:12
INJECTED from src\debug\AndroidManifest.xml:1:1-7:12
	package
		ADDED from src\main\AndroidManifest.xml:3:5-42
		INJECTED from src\main\AndroidManifest.xml
		INJECTED from src\debug\AndroidManifest.xml
	android:versionName
		INJECTED from src\main\AndroidManifest.xml
		ADDED from src\main\AndroidManifest.xml:1:1-57:12
		INJECTED from src\debug\AndroidManifest.xml
	xmlns:tools
		ADDED from src\main\AndroidManifest.xml:2:5-51
		ADDED from src\main\AndroidManifest.xml:2:5-51
	android:versionCode
		INJECTED from src\main\AndroidManifest.xml
		ADDED from src\main\AndroidManifest.xml:1:1-57:12
		INJECTED from src\debug\AndroidManifest.xml
	xmlns:android
		ADDED from src\main\AndroidManifest.xml:1:11-69
uses-permission#android.permission.ACCESS_NETWORK_STATE
ADDED from src\main\AndroidManifest.xml:5:5-79
MERGED from [:firebase_messaging] AndroidManifest.xml:9:5-79
MERGED from [:firebase_messaging] AndroidManifest.xml:9:5-79
MERGED from [:firebase_analytics] AndroidManifest.xml:7:5-79
MERGED from [:firebase_analytics] AndroidManifest.xml:7:5-79
MERGED from [com.google.firebase:firebase-auth:21.0.3] AndroidManifest.xml:24:5-79
MERGED from [com.google.firebase:firebase-auth:21.0.3] AndroidManifest.xml:24:5-79
MERGED from [com.google.firebase:firebase-messaging:23.0.3] AndroidManifest.xml:25:5-79
MERGED from [com.google.firebase:firebase-messaging:23.0.3] AndroidManifest.xml:25:5-79
MERGED from [com.google.android.datatransport:transport-backend-cct:3.1.3] AndroidManifest.xml:25:5-79
MERGED from [com.google.android.datatransport:transport-backend-cct:3.1.3] AndroidManifest.xml:25:5-79
MERGED from [com.google.android.datatransport:transport-runtime:3.1.3] AndroidManifest.xml:22:5-79
MERGED from [com.google.android.datatransport:transport-runtime:3.1.3] AndroidManifest.xml:22:5-79
MERGED from [com.google.firebase:firebase-iid:21.1.0] AndroidManifest.xml:22:5-79
MERGED from [com.google.firebase:firebase-iid:21.1.0] AndroidManifest.xml:22:5-79
MERGED from [com.google.firebase:firebase-firestore:24.1.1] AndroidManifest.xml:13:5-79
MERGED from [com.google.firebase:firebase-firestore:24.1.1] AndroidManifest.xml:13:5-79
MERGED from [com.google.firebase:firebase-storage:20.0.1] AndroidManifest.xml:26:5-79
MERGED from [com.google.firebase:firebase-storage:20.0.1] AndroidManifest.xml:26:5-79
MERGED from [com.google.android.gms:play-services-measurement-api:20.1.2] AndroidManifest.xml:23:5-79
MERGED from [com.google.android.gms:play-services-measurement-api:20.1.2] AndroidManifest.xml:23:5-79
MERGED from [com.google.firebase:firebase-installations:17.0.1] AndroidManifest.xml:10:5-79
MERGED from [com.google.firebase:firebase-installations:17.0.1] AndroidManifest.xml:10:5-79
MERGED from [com.google.android.gms:play-services-cloud-messaging:17.0.1] AndroidManifest.xml:7:5-79
MERGED from [com.google.android.gms:play-services-cloud-messaging:17.0.1] AndroidManifest.xml:7:5-79
MERGED from [com.google.android.gms:play-services-measurement:20.1.2] AndroidManifest.xml:24:5-79
MERGED from [com.google.android.gms:play-services-measurement:20.1.2] AndroidManifest.xml:24:5-79
MERGED from [com.google.android.gms:play-services-measurement-impl:20.1.2] AndroidManifest.xml:24:5-79
MERGED from [com.google.android.gms:play-services-measurement-impl:20.1.2] AndroidManifest.xml:24:5-79
MERGED from [com.google.android.gms:play-services-measurement-sdk-api:20.1.2] AndroidManifest.xml:24:5-79
MERGED from [com.google.android.gms:play-services-measurement-sdk-api:20.1.2] AndroidManifest.xml:24:5-79
MERGED from [io.grpc:grpc-android:1.44.1] AndroidManifest.xml:9:5-79
MERGED from [io.grpc:grpc-android:1.44.1] AndroidManifest.xml:9:5-79
	android:name
		ADDED from src\main\AndroidManifest.xml:5:22-76
uses-permission#android.permission.INTERNET
ADDED from src\main\AndroidManifest.xml:6:5-67
MERGED from src\main\AndroidManifest.xml:6:5-67
MERGED from src\main\AndroidManifest.xml:6:5-67
MERGED from [:firebase_messaging] AndroidManifest.xml:7:5-67
MERGED from [:firebase_messaging] AndroidManifest.xml:7:5-67
MERGED from [:firebase_analytics] AndroidManifest.xml:8:5-67
MERGED from [:firebase_analytics] AndroidManifest.xml:8:5-67
MERGED from [com.google.firebase:firebase-auth:21.0.3] AndroidManifest.xml:23:5-67
MERGED from [com.google.firebase:firebase-auth:21.0.3] AndroidManifest.xml:23:5-67
MERGED from [com.google.android.datatransport:transport-backend-cct:3.1.3] AndroidManifest.xml:26:5-67
MERGED from [com.google.android.datatransport:transport-backend-cct:3.1.3] AndroidManifest.xml:26:5-67
MERGED from [com.google.firebase:firebase-functions:20.0.2] AndroidManifest.xml:12:5-67
MERGED from [com.google.firebase:firebase-functions:20.0.2] AndroidManifest.xml:12:5-67
MERGED from [com.google.firebase:firebase-iid:21.1.0] AndroidManifest.xml:23:5-67
MERGED from [com.google.firebase:firebase-iid:21.1.0] AndroidManifest.xml:23:5-67
MERGED from [com.google.firebase:firebase-firestore:24.1.1] AndroidManifest.xml:14:5-67
MERGED from [com.google.firebase:firebase-firestore:24.1.1] AndroidManifest.xml:14:5-67
MERGED from [com.google.firebase:firebase-storage:20.0.1] AndroidManifest.xml:27:5-67
MERGED from [com.google.firebase:firebase-storage:20.0.1] AndroidManifest.xml:27:5-67
MERGED from [com.google.android.gms:play-services-measurement-api:20.1.2] AndroidManifest.xml:22:5-67
MERGED from [com.google.android.gms:play-services-measurement-api:20.1.2] AndroidManifest.xml:22:5-67
MERGED from [com.google.firebase:firebase-installations:17.0.1] AndroidManifest.xml:11:5-67
MERGED from [com.google.firebase:firebase-installations:17.0.1] AndroidManifest.xml:11:5-67
MERGED from [com.google.android.gms:play-services-cloud-messaging:17.0.1] AndroidManifest.xml:8:5-67
MERGED from [com.google.android.gms:play-services-cloud-messaging:17.0.1] AndroidManifest.xml:8:5-67
MERGED from [com.google.android.gms:play-services-measurement:20.1.2] AndroidManifest.xml:23:5-67
MERGED from [com.google.android.gms:play-services-measurement:20.1.2] AndroidManifest.xml:23:5-67
MERGED from [com.google.android.gms:play-services-measurement-impl:20.1.2] AndroidManifest.xml:23:5-67
MERGED from [com.google.android.gms:play-services-measurement-impl:20.1.2] AndroidManifest.xml:23:5-67
MERGED from [com.google.android.gms:play-services-measurement-sdk-api:20.1.2] AndroidManifest.xml:23:5-67
MERGED from [com.google.android.gms:play-services-measurement-sdk-api:20.1.2] AndroidManifest.xml:23:5-67
	android:name
		ADDED from src\main\AndroidManifest.xml:6:22-64
application
ADDED from src\main\AndroidManifest.xml:8:5-56:19
MERGED from [:firebase_messaging] AndroidManifest.xml:11:5-44:19
MERGED from [:firebase_messaging] AndroidManifest.xml:11:5-44:19
MERGED from [:cloud_firestore] AndroidManifest.xml:7:5-13:19
MERGED from [:cloud_firestore] AndroidManifest.xml:7:5-13:19
MERGED from [:cloud_functions] AndroidManifest.xml:8:5-16:19
MERGED from [:cloud_functions] AndroidManifest.xml:8:5-16:19
MERGED from [:firebase_analytics] AndroidManifest.xml:11:5-17:19
MERGED from [:firebase_analytics] AndroidManifest.xml:11:5-17:19
MERGED from [:firebase_auth] AndroidManifest.xml:7:5-13:19
MERGED from [:firebase_auth] AndroidManifest.xml:7:5-13:19
MERGED from [:firebase_storage] AndroidManifest.xml:7:5-13:19
MERGED from [:firebase_storage] AndroidManifest.xml:7:5-13:19
MERGED from [:firebase_core] AndroidManifest.xml:7:5-13:19
MERGED from [:firebase_core] AndroidManifest.xml:7:5-13:19
MERGED from [:flutter_local_notifications] AndroidManifest.xml:12:5-26:19
MERGED from [:flutter_local_notifications] AndroidManifest.xml:12:5-26:19
MERGED from [:ar_flutter_plugin] AndroidManifest.xml:15:5-24:19
MERGED from [:ar_flutter_plugin] AndroidManifest.xml:15:5-24:19
MERGED from [:image_picker_android] AndroidManifest.xml:7:5-17:19
MERGED from [:image_picker_android] AndroidManifest.xml:7:5-17:19
MERGED from [:url_launcher_android] AndroidManifest.xml:7:5-12:19
MERGED from [:url_launcher_android] AndroidManifest.xml:7:5-12:19
MERGED from [:open_file] AndroidManifest.xml:11:5-22:19
MERGED from [:open_file] AndroidManifest.xml:11:5-22:19
MERGED from [androidx.window:window:1.0.0-beta04] AndroidManifest.xml:24:5-31:19
MERGED from [androidx.window:window:1.0.0-beta04] AndroidManifest.xml:24:5-31:19
MERGED from [com.google.firebase:firebase-auth:21.0.3] AndroidManifest.xml:26:5-71:19
MERGED from [com.google.firebase:firebase-auth:21.0.3] AndroidManifest.xml:26:5-71:19
MERGED from [com.google.firebase:firebase-messaging:23.0.3] AndroidManifest.xml:30:5-59:19
MERGED from [com.google.firebase:firebase-messaging:23.0.3] AndroidManifest.xml:30:5-59:19
MERGED from [com.google.firebase:firebase-datatransport:18.1.2] AndroidManifest.xml:24:5-32:19
MERGED from [com.google.firebase:firebase-datatransport:18.1.2] AndroidManifest.xml:24:5-32:19
MERGED from [com.google.android.datatransport:transport-backend-cct:3.1.3] AndroidManifest.xml:28:5-36:19
MERGED from [com.google.android.datatransport:transport-backend-cct:3.1.3] AndroidManifest.xml:28:5-36:19
MERGED from [com.google.android.datatransport:transport-runtime:3.1.3] AndroidManifest.xml:25:5-39:19
MERGED from [com.google.android.datatransport:transport-runtime:3.1.3] AndroidManifest.xml:25:5-39:19
MERGED from [com.google.firebase:firebase-functions:20.0.2] AndroidManifest.xml:14:5-22:19
MERGED from [com.google.firebase:firebase-functions:20.0.2] AndroidManifest.xml:14:5-22:19
MERGED from [com.google.firebase:firebase-analytics:20.1.2] AndroidManifest.xml:7:5-20
MERGED from [com.google.firebase:firebase-analytics:20.1.2] AndroidManifest.xml:7:5-20
MERGED from [com.google.firebase:firebase-iid:21.1.0] AndroidManifest.xml:28:5-36:19
MERGED from [com.google.firebase:firebase-iid:21.1.0] AndroidManifest.xml:28:5-36:19
MERGED from [com.google.firebase:firebase-firestore:24.1.1] AndroidManifest.xml:16:5-24:19
MERGED from [com.google.firebase:firebase-firestore:24.1.1] AndroidManifest.xml:16:5-24:19
MERGED from [com.google.firebase:firebase-storage:20.0.1] AndroidManifest.xml:29:5-37:19
MERGED from [com.google.firebase:firebase-storage:20.0.1] AndroidManifest.xml:29:5-37:19
MERGED from [com.google.firebase:firebase-auth-interop:20.0.0] AndroidManifest.xml:7:5-8:19
MERGED from [com.google.firebase:firebase-auth-interop:20.0.0] AndroidManifest.xml:7:5-8:19
MERGED from [com.google.android.gms:play-services-measurement-api:20.1.2] AndroidManifest.xml:27:5-35:19
MERGED from [com.google.android.gms:play-services-measurement-api:20.1.2] AndroidManifest.xml:27:5-35:19
MERGED from [com.google.firebase:firebase-installations:17.0.1] AndroidManifest.xml:14:5-22:19
MERGED from [com.google.firebase:firebase-installations:17.0.1] AndroidManifest.xml:14:5-22:19
MERGED from [com.google.firebase:firebase-appcheck-interop:16.0.0-beta06] AndroidManifest.xml:24:5-20
MERGED from [com.google.firebase:firebase-appcheck-interop:16.0.0-beta06] AndroidManifest.xml:24:5-20
MERGED from [com.google.firebase:firebase-common:20.1.0] AndroidManifest.xml:25:5-38:19
MERGED from [com.google.firebase:firebase-common:20.1.0] AndroidManifest.xml:25:5-38:19
MERGED from [com.google.android.gms:play-services-auth:19.2.0] AndroidManifest.xml:22:5-38:19
MERGED from [com.google.android.gms:play-services-auth:19.2.0] AndroidManifest.xml:22:5-38:19
MERGED from [com.google.android.gms:play-services-location:17.0.0] AndroidManifest.xml:7:5-20
MERGED from [com.google.android.gms:play-services-location:17.0.0] AndroidManifest.xml:7:5-20
MERGED from [com.google.android.gms:play-services-safetynet:17.0.0] AndroidManifest.xml:22:5-20
MERGED from [com.google.android.gms:play-services-safetynet:17.0.0] AndroidManifest.xml:22:5-20
MERGED from [com.google.android.gms:play-services-base:18.0.1] AndroidManifest.xml:19:5-23:19
MERGED from [com.google.android.gms:play-services-base:18.0.1] AndroidManifest.xml:19:5-23:19
MERGED from [com.google.android.gms:play-services-measurement:20.1.2] AndroidManifest.xml:28:5-44:19
MERGED from [com.google.android.gms:play-services-measurement:20.1.2] AndroidManifest.xml:28:5-44:19
MERGED from [com.google.android.gms:play-services-measurement-sdk:20.1.2] AndroidManifest.xml:22:5-23:19
MERGED from [com.google.android.gms:play-services-measurement-sdk:20.1.2] AndroidManifest.xml:22:5-23:19
MERGED from [com.google.android.gms:play-services-measurement-impl:20.1.2] AndroidManifest.xml:29:5-30:19
MERGED from [com.google.android.gms:play-services-measurement-impl:20.1.2] AndroidManifest.xml:29:5-30:19
MERGED from [com.google.android.gms:play-services-stats:17.0.2] AndroidManifest.xml:7:5-20
MERGED from [com.google.android.gms:play-services-stats:17.0.2] AndroidManifest.xml:7:5-20
MERGED from [com.google.firebase:firebase-iid-interop:17.1.0] AndroidManifest.xml:7:5-8:19
MERGED from [com.google.firebase:firebase-iid-interop:17.1.0] AndroidManifest.xml:7:5-8:19
MERGED from [com.google.android.gms:play-services-tasks:18.0.1] AndroidManifest.xml:5:5-20
MERGED from [com.google.android.gms:play-services-tasks:18.0.1] AndroidManifest.xml:5:5-20
MERGED from [com.google.firebase:firebase-measurement-connector:19.0.0] AndroidManifest.xml:22:5-23:19
MERGED from [com.google.firebase:firebase-measurement-connector:19.0.0] AndroidManifest.xml:22:5-23:19
MERGED from [com.google.android.gms:play-services-places-placereport:17.0.0] AndroidManifest.xml:22:5-20
MERGED from [com.google.android.gms:play-services-places-placereport:17.0.0] AndroidManifest.xml:22:5-20
MERGED from [com.google.android.gms:play-services-ads-identifier:18.0.0] AndroidManifest.xml:25:5-20
MERGED from [com.google.android.gms:play-services-ads-identifier:18.0.0] AndroidManifest.xml:25:5-20
MERGED from [com.google.android.gms:play-services-measurement-base:20.1.2] AndroidManifest.xml:7:5-20
MERGED from [com.google.android.gms:play-services-measurement-base:20.1.2] AndroidManifest.xml:7:5-20
MERGED from [com.google.android.gms:play-services-basement:18.0.0] AndroidManifest.xml:20:5-24:19
MERGED from [com.google.android.gms:play-services-basement:18.0.0] AndroidManifest.xml:20:5-24:19
MERGED from [androidx.core:core:1.6.0] AndroidManifest.xml:24:5-89
MERGED from [androidx.core:core:1.6.0] AndroidManifest.xml:24:5-89
MERGED from [androidx.versionedparcelable:versionedparcelable:1.1.1] AndroidManifest.xml:24:5-25:19
MERGED from [androidx.versionedparcelable:versionedparcelable:1.1.1] AndroidManifest.xml:24:5-25:19
MERGED from [com.jakewharton.threetenabp:threetenabp:1.2.3] AndroidManifest.xml:7:5-20
MERGED from [com.jakewharton.threetenabp:threetenabp:1.2.3] AndroidManifest.xml:7:5-20
MERGED from [com.google.ar:core:1.22.0] AndroidManifest.xml:33:5-47:19
MERGED from [com.google.ar:core:1.22.0] AndroidManifest.xml:33:5-47:19
	android:appComponentFactory
		ADDED from [androidx.core:core:1.6.0] AndroidManifest.xml:24:18-86
	android:label
		ADDED from src\main\AndroidManifest.xml:12:9-32
	tools:ignore
		ADDED from [:cloud_functions] AndroidManifest.xml:10:9-39
	android:roundIcon
		ADDED from src\main\AndroidManifest.xml:10:9-54
	tools:targetApi
		ADDED from src\main\AndroidManifest.xml:13:9-28
	android:icon
		ADDED from src\main\AndroidManifest.xml:9:9-54
	android:usesCleartextTraffic
		ADDED from src\main\AndroidManifest.xml:11:9-44
activity#com.example.mygoods_flutter.MainActivity
ADDED from src\main\AndroidManifest.xml:14:9-40:20
	android:turnScreenOn
		ADDED from src\main\AndroidManifest.xml:21:13-40
	android:launchMode
		ADDED from src\main\AndroidManifest.xml:19:13-43
	android:hardwareAccelerated
		ADDED from src\main\AndroidManifest.xml:18:13-47
	android:windowSoftInputMode
		ADDED from src\main\AndroidManifest.xml:22:13-55
	android:exported
		ADDED from src\main\AndroidManifest.xml:17:13-36
	android:configChanges
		ADDED from src\main\AndroidManifest.xml:16:13-163
	tools:targetApi
		ADDED from src\main\AndroidManifest.xml:23:13-36
	android:theme
		ADDED from src\main\AndroidManifest.xml:20:13-47
	android:name
		ADDED from src\main\AndroidManifest.xml:15:13-41
meta-data#io.flutter.embedding.android.NormalTheme
ADDED from src\main\AndroidManifest.xml:28:13-30:57
	android:resource
		ADDED from src\main\AndroidManifest.xml:30:17-54
	android:name
		ADDED from src\main\AndroidManifest.xml:29:17-72
intent-filter#action:name:android.intent.action.MAIN+category:name:android.intent.category.LAUNCHER
ADDED from src\main\AndroidManifest.xml:32:13-35:29
action#android.intent.action.MAIN
ADDED from src\main\AndroidManifest.xml:33:17-69
	android:name
		ADDED from src\main\AndroidManifest.xml:33:25-66
category#android.intent.category.LAUNCHER
ADDED from src\main\AndroidManifest.xml:34:17-77
	android:name
		ADDED from src\main\AndroidManifest.xml:34:27-74
intent-filter#action:name:FLUTTER_NOTIFICATION_CLICK+category:name:android.intent.category.DEFAULT
ADDED from src\main\AndroidManifest.xml:36:13-39:29
action#FLUTTER_NOTIFICATION_CLICK
ADDED from src\main\AndroidManifest.xml:37:17-69
	android:name
		ADDED from src\main\AndroidManifest.xml:37:25-66
category#android.intent.category.DEFAULT
ADDED from src\main\AndroidManifest.xml:38:17-76
	android:name
		ADDED from src\main\AndroidManifest.xml:38:27-73
meta-data#flutterEmbedding
ADDED from src\main\AndroidManifest.xml:53:9-55:33
	android:value
		ADDED from src\main\AndroidManifest.xml:55:13-30
	android:name
		ADDED from src\main\AndroidManifest.xml:54:13-44
uses-sdk
INJECTED from src\main\AndroidManifest.xml reason: use-sdk injection requested
INJECTED from src\main\AndroidManifest.xml
INJECTED from src\main\AndroidManifest.xml
MERGED from [:sms_autofill] AndroidManifest.xml:5:5-44
MERGED from [:sms_autofill] AndroidManifest.xml:5:5-44
MERGED from [:firebase_messaging] AndroidManifest.xml:5:5-44
MERGED from [:firebase_messaging] AndroidManifest.xml:5:5-44
MERGED from [:cloud_firestore] AndroidManifest.xml:5:5-44
MERGED from [:cloud_firestore] AndroidManifest.xml:5:5-44
MERGED from [:cloud_functions] AndroidManifest.xml:6:5-44
MERGED from [:cloud_functions] AndroidManifest.xml:6:5-44
MERGED from [:firebase_analytics] AndroidManifest.xml:5:5-44
MERGED from [:firebase_analytics] AndroidManifest.xml:5:5-44
MERGED from [:firebase_auth] AndroidManifest.xml:5:5-44
MERGED from [:firebase_auth] AndroidManifest.xml:5:5-44
MERGED from [:firebase_storage] AndroidManifest.xml:5:5-44
MERGED from [:firebase_storage] AndroidManifest.xml:5:5-44
MERGED from [:firebase_core] AndroidManifest.xml:5:5-44
MERGED from [:firebase_core] AndroidManifest.xml:5:5-44
MERGED from [:geolocator_android] AndroidManifest.xml:5:5-44
MERGED from [:geolocator_android] AndroidManifest.xml:5:5-44
MERGED from [:flutter_local_notifications] AndroidManifest.xml:5:5-44
MERGED from [:flutter_local_notifications] AndroidManifest.xml:5:5-44
MERGED from [:file_picker] AndroidManifest.xml:5:5-44
MERGED from [:file_picker] AndroidManifest.xml:5:5-44
MERGED from [:path_provider_android] AndroidManifest.xml:5:5-44
MERGED from [:path_provider_android] AndroidManifest.xml:5:5-44
MERGED from [:android_intent_plus] AndroidManifest.xml:5:5-44
MERGED from [:android_intent_plus] AndroidManifest.xml:5:5-44
MERGED from [:fluttertoast] AndroidManifest.xml:5:5-44
MERGED from [:fluttertoast] AndroidManifest.xml:5:5-44
MERGED from [:ar_flutter_plugin] AndroidManifest.xml:5:5-44
MERGED from [:ar_flutter_plugin] AndroidManifest.xml:5:5-44
MERGED from [:permission_handler] AndroidManifest.xml:5:5-44
MERGED from [:permission_handler] AndroidManifest.xml:5:5-44
MERGED from [:image_picker_android] AndroidManifest.xml:5:5-44
MERGED from [:image_picker_android] AndroidManifest.xml:5:5-44
MERGED from [:flutter_plugin_android_lifecycle] AndroidManifest.xml:5:5-44
MERGED from [:flutter_plugin_android_lifecycle] AndroidManifest.xml:5:5-44
MERGED from [:sqflite] AndroidManifest.xml:5:5-44
MERGED from [:sqflite] AndroidManifest.xml:5:5-44
MERGED from [:url_launcher_android] AndroidManifest.xml:5:5-44